C:\Program Files (x86)\Microsoft Visual Studio\2019\Enterprise\MSBuild\Microsoft\VC\v160\Microsoft.CppCommon.targets(39,5): warning MSB4211: The property "IntermediateOutputPath" is being set to a value for the first time, but it was already consumed at "C:\Program Files (x86)\Microsoft Visual Studio\2019\Enterprise\MSBuild\Microsoft\VC\v160\Microsoft.CppCommon.targets (38,5)".
C:\Program Files (x86)\Microsoft Visual Studio\2019\Enterprise\MSBuild\Microsoft\VC\v160\Microsoft.BuildSteps.Targets(30,5): warning MSB4211: The property "DebugType" is being set to a value for the first time, but it was already consumed at "C:\Program Files (x86)\Microsoft Visual Studio\2019\Enterprise\MSBuild\Microsoft\VC\v160\Microsoft.BuildSteps.Targets (29,5)".
C:\Program Files (x86)\Microsoft Visual Studio\2019\Enterprise\MSBuild\Current\Bin\Microsoft.Common.CurrentVersion.targets(372,5): warning MSB4211: The property "CleanFile" is being set to a value for the first time, but it was already consumed at "C:\Program Files (x86)\Microsoft Visual Studio\2019\Enterprise\MSBuild\Microsoft\VC\v160\Microsoft.CppCommon.targets (38,5)".
  hashtable_test.cc
C:\Users\Manue\OneDrive - USherbrooke\Bureau\tmp\sequences\SequenceTests\SequenceTests\sparsehash-master\src\hashtable_test.cc(1920,25): warning C4305: 'argument': truncation from 'double' to 'float'
C:\Users\Manue\OneDrive - USherbrooke\Bureau\tmp\sequences\SequenceTests\SequenceTests\sparsehash-master\src\sparsehash\internal\hashtable-common.h(244,1): warning C4267: 'return': conversion from 'size_t' to 'unsigned char', possible loss of data
C:\Users\Manue\OneDrive - USherbrooke\Bureau\tmp\sequences\SequenceTests\SequenceTests\sparsehash-master\src\sparsehash\internal\hashtable-common.h(242): message : while compiling class template member function 'unsigned char google::sparsehash_internal::sh_hashtable_settings<int,`anonymous-namespace'::Hasher,unsigned char,4>::hash(const int &) const'
C:\Users\Manue\OneDrive - USherbrooke\Bureau\tmp\sequences\SequenceTests\SequenceTests\sparsehash-master\src\sparsehash\internal\densehashtable.h(1271): message : see reference to function template instantiation 'unsigned char google::sparsehash_internal::sh_hashtable_settings<int,`anonymous-namespace'::Hasher,unsigned char,4>::hash(const int &) const' being compiled
C:\Users\Manue\OneDrive - USherbrooke\Bureau\tmp\sequences\SequenceTests\SequenceTests\sparsehash-master\src\sparsehash\internal\sparsehashtable.h(1165): message : see reference to class template instantiation 'google::sparsehash_internal::sh_hashtable_settings<int,`anonymous-namespace'::Hasher,unsigned char,4>' being compiled
C:\Users\Manue\OneDrive - USherbrooke\Bureau\tmp\sequences\SequenceTests\SequenceTests\sparsehash-master\src\sparsehash\internal\sparsehashtable.h(1213): message : see reference to class template instantiation 'google::sparse_hashtable<Value,Value,HashFcn,google::sparse_hash_set<Value,HashFcn,`anonymous-namespace'::Hasher,`anonymous-namespace'::Alloc<int,unsigned char,255>>::Identity,google::sparse_hash_set<Value,HashFcn,`anonymous-namespace'::Hasher,`anonymous-namespace'::Alloc<int,unsigned char,255>>::SetKey,EqualKey,Alloc>::Settings' being compiled
          with
          [
              Value=int,
              HashFcn=`anonymous-namespace'::Hasher,
              EqualKey=`anonymous-namespace'::Hasher,
              Alloc=`anonymous-namespace'::Alloc<int,unsigned char,255>
          ]
C:\Users\Manue\OneDrive - USherbrooke\Bureau\tmp\sequences\SequenceTests\SequenceTests\sparsehash-master\src\sparsehash\sparse_hash_set(121): message : see reference to class template instantiation 'google::sparse_hashtable<Value,Value,HashFcn,google::sparse_hash_set<Value,HashFcn,`anonymous-namespace'::Hasher,`anonymous-namespace'::Alloc<int,unsigned char,255>>::Identity,google::sparse_hash_set<Value,HashFcn,`anonymous-namespace'::Hasher,`anonymous-namespace'::Alloc<int,unsigned char,255>>::SetKey,EqualKey,Alloc>' being compiled
          with
          [
              Value=int,
              HashFcn=`anonymous-namespace'::Hasher,
              EqualKey=`anonymous-namespace'::Hasher,
              Alloc=`anonymous-namespace'::Alloc<int,unsigned char,255>
          ]
C:\Users\Manue\OneDrive - USherbrooke\Bureau\tmp\sequences\SequenceTests\SequenceTests\sparsehash-master\src\hashtable_test.cc(953): message : see reference to class template instantiation 'google::sparse_hash_set<int,`anonymous-namespace'::Hasher,`anonymous-namespace'::Hasher,`anonymous-namespace'::Alloc<int,unsigned char,255>>' being compiled
C:\Users\Manue\OneDrive - USherbrooke\Bureau\tmp\sequences\SequenceTests\SequenceTests\sparsehash-master\src\hashtable_test.cc(589,18): error C2065: 'unused': undeclared identifier
C:\Users\Manue\OneDrive - USherbrooke\Bureau\tmp\sequences\SequenceTests\SequenceTests\sparsehash-master\src\hashtable_test.cc(571): message : while compiling class template member function 'void `anonymous-namespace'::TEST_onetype_HashtableIntTest_Typedefs<`anonymous-namespace'::HashtableIntTest_type1>::Run(void)'
C:\Users\Manue\OneDrive - USherbrooke\Bureau\tmp\sequences\SequenceTests\SequenceTests\sparsehash-master\src\hashtable_test.cc(571): message : see reference to function template instantiation 'void `anonymous-namespace'::TEST_onetype_HashtableIntTest_Typedefs<`anonymous-namespace'::HashtableIntTest_type1>::Run(void)' being compiled
C:\Users\Manue\OneDrive - USherbrooke\Bureau\tmp\sequences\SequenceTests\SequenceTests\sparsehash-master\src\hashtable_test.cc(571): message : see reference to class template instantiation '`anonymous-namespace'::TEST_onetype_HashtableIntTest_Typedefs<`anonymous-namespace'::HashtableIntTest_type1>' being compiled
C:\Users\Manue\OneDrive - USherbrooke\Bureau\tmp\sequences\SequenceTests\SequenceTests\sparsehash-master\src\hashtable_test.cc(589,3): error C3861: '__attribute__': identifier not found
C:\Users\Manue\OneDrive - USherbrooke\Bureau\tmp\sequences\SequenceTests\SequenceTests\sparsehash-master\src\hashtable_test.cc(589,27): error C2144: syntax error: 'google::BaseHashtableInterface<google::sparse_hash_map<Key,T,HashFcn,EqualKey,Alloc>>::reference' should be preceded by ';'
          with
          [
              Key=int,
              T=int,
              HashFcn=`anonymous-namespace'::Hasher,
              EqualKey=`anonymous-namespace'::Hasher,
              Alloc=`anonymous-namespace'::Alloc<int,size_t,4294967295>
          ]
C:\Users\Manue\OneDrive - USherbrooke\Bureau\tmp\sequences\SequenceTests\SequenceTests\sparsehash-master\src\hashtable_test.cc(590,18): error C2065: 'unused': undeclared identifier
C:\Users\Manue\OneDrive - USherbrooke\Bureau\tmp\sequences\SequenceTests\SequenceTests\sparsehash-master\src\hashtable_test.cc(590,3): error C3861: '__attribute__': identifier not found
C:\Users\Manue\OneDrive - USherbrooke\Bureau\tmp\sequences\SequenceTests\SequenceTests\sparsehash-master\src\hashtable_test.cc(590,27): error C2144: syntax error: 'google::BaseHashtableInterface<google::sparse_hash_map<Key,T,HashFcn,EqualKey,Alloc>>::const_reference' should be preceded by ';'
          with
          [
              Key=int,
              T=int,
              HashFcn=`anonymous-namespace'::Hasher,
              EqualKey=`anonymous-namespace'::Hasher,
              Alloc=`anonymous-namespace'::Alloc<int,size_t,4294967295>
          ]
C:\Users\Manue\OneDrive - USherbrooke\Bureau\tmp\sequences\SequenceTests\SequenceTests\sparsehash-master\src\hashtable_test.cc(589,27): error C2144: syntax error: 'google::BaseHashtableInterface<google::sparse_hash_set<Value,HashFcn,EqualKey,Alloc>>::reference' should be preceded by ';'
          with
          [
              Value=int,
              HashFcn=`anonymous-namespace'::Hasher,
              EqualKey=`anonymous-namespace'::Hasher,
              Alloc=`anonymous-namespace'::Alloc<int,size_t,4294967295>
          ]
C:\Users\Manue\OneDrive - USherbrooke\Bureau\tmp\sequences\SequenceTests\SequenceTests\sparsehash-master\src\hashtable_test.cc(590,27): error C2144: syntax error: 'google::BaseHashtableInterface<google::sparse_hash_set<Value,HashFcn,EqualKey,Alloc>>::const_reference' should be preceded by ';'
          with
          [
              Value=int,
              HashFcn=`anonymous-namespace'::Hasher,
              EqualKey=`anonymous-namespace'::Hasher,
              Alloc=`anonymous-namespace'::Alloc<int,size_t,4294967295>
          ]
C:\Users\Manue\OneDrive - USherbrooke\Bureau\tmp\sequences\SequenceTests\SequenceTests\sparsehash-master\src\hashtable_test.cc(589,27): error C2144: syntax error: 'google::BaseHashtableInterface<google::sparse_hashtable<Value,Key,HashFcn,ExtractKey,SetKey,EqualKey,Alloc>>::reference' should be preceded by ';'
          with
          [
              Value=int,
              Key=int,
              HashFcn=`anonymous-namespace'::Hasher,
              ExtractKey=`anonymous-namespace'::Negation<int>,
              SetKey=`anonymous-namespace'::SetKey<int,`anonymous-namespace'::Negation<int>>,
              EqualKey=`anonymous-namespace'::Hasher,
              Alloc=`anonymous-namespace'::Alloc<int,size_t,4294967295>
          ]
C:\Users\Manue\OneDrive - USherbrooke\Bureau\tmp\sequences\SequenceTests\SequenceTests\sparsehash-master\src\hashtable_test.cc(590,27): error C2144: syntax error: 'google::BaseHashtableInterface<google::sparse_hashtable<Value,Key,HashFcn,ExtractKey,SetKey,EqualKey,Alloc>>::const_reference' should be preceded by ';'
          with
          [
              Value=int,
              Key=int,
              HashFcn=`anonymous-namespace'::Hasher,
              ExtractKey=`anonymous-namespace'::Negation<int>,
              SetKey=`anonymous-namespace'::SetKey<int,`anonymous-namespace'::Negation<int>>,
              EqualKey=`anonymous-namespace'::Hasher,
              Alloc=`anonymous-namespace'::Alloc<int,size_t,4294967295>
          ]
C:\Users\Manue\OneDrive - USherbrooke\Bureau\tmp\sequences\SequenceTests\SequenceTests\sparsehash-master\src\hashtable_test.cc(589,27): error C2144: syntax error: 'google::BaseHashtableInterface<google::dense_hash_map<Key,T,HashFcn,EqualKey,Alloc>>::reference' should be preceded by ';'
          with
          [
              Key=int,
              T=int,
              HashFcn=`anonymous-namespace'::Hasher,
              EqualKey=`anonymous-namespace'::Hasher,
              Alloc=`anonymous-namespace'::Alloc<int,size_t,4294967295>
          ]
C:\Users\Manue\OneDrive - USherbrooke\Bureau\tmp\sequences\SequenceTests\SequenceTests\sparsehash-master\src\hashtable_test.cc(590,27): error C2144: syntax error: 'google::BaseHashtableInterface<google::dense_hash_map<Key,T,HashFcn,EqualKey,Alloc>>::const_reference' should be preceded by ';'
          with
          [
              Key=int,
              T=int,
              HashFcn=`anonymous-namespace'::Hasher,
              EqualKey=`anonymous-namespace'::Hasher,
              Alloc=`anonymous-namespace'::Alloc<int,size_t,4294967295>
          ]
C:\Users\Manue\OneDrive - USherbrooke\Bureau\tmp\sequences\SequenceTests\SequenceTests\sparsehash-master\src\hashtable_test.cc(589,27): error C2144: syntax error: 'google::BaseHashtableInterface<google::dense_hash_set<Value,HashFcn,EqualKey,Alloc>>::reference' should be preceded by ';'
          with
          [
              Value=int,
              HashFcn=`anonymous-namespace'::Hasher,
              EqualKey=`anonymous-namespace'::Hasher,
              Alloc=`anonymous-namespace'::Alloc<int,size_t,4294967295>
          ]
C:\Users\Manue\OneDrive - USherbrooke\Bureau\tmp\sequences\SequenceTests\SequenceTests\sparsehash-master\src\hashtable_test.cc(590,27): error C2144: syntax error: 'google::BaseHashtableInterface<google::dense_hash_set<Value,HashFcn,EqualKey,Alloc>>::const_reference' should be preceded by ';'
          with
          [
              Value=int,
              HashFcn=`anonymous-namespace'::Hasher,
              EqualKey=`anonymous-namespace'::Hasher,
              Alloc=`anonymous-namespace'::Alloc<int,size_t,4294967295>
          ]
C:\Users\Manue\OneDrive - USherbrooke\Bureau\tmp\sequences\SequenceTests\SequenceTests\sparsehash-master\src\hashtable_test.cc(589,27): error C2144: syntax error: 'google::BaseHashtableInterface<google::dense_hashtable<Value,Key,HashFcn,ExtractKey,SetKey,EqualKey,Alloc>>::reference' should be preceded by ';'
          with
          [
              Value=int,
              Key=int,
              HashFcn=`anonymous-namespace'::Hasher,
              ExtractKey=`anonymous-namespace'::Negation<int>,
              SetKey=`anonymous-namespace'::SetKey<int,`anonymous-namespace'::Negation<int>>,
              EqualKey=`anonymous-namespace'::Hasher,
              Alloc=`anonymous-namespace'::Alloc<int,size_t,4294967295>
          ]
C:\Users\Manue\OneDrive - USherbrooke\Bureau\tmp\sequences\SequenceTests\SequenceTests\sparsehash-master\src\hashtable_test.cc(590,27): error C2144: syntax error: 'google::BaseHashtableInterface<google::dense_hashtable<Value,Key,HashFcn,ExtractKey,SetKey,EqualKey,Alloc>>::const_reference' should be preceded by ';'
          with
          [
              Value=int,
              Key=int,
              HashFcn=`anonymous-namespace'::Hasher,
              ExtractKey=`anonymous-namespace'::Negation<int>,
              SetKey=`anonymous-namespace'::SetKey<int,`anonymous-namespace'::Negation<int>>,
              EqualKey=`anonymous-namespace'::Hasher,
              Alloc=`anonymous-namespace'::Alloc<int,size_t,4294967295>
          ]
  port.cc
  Generating Code...
